27-Oct-2012 00:37:39: td: 0 err_tr: 392 (59.21) ml.loss tr: 984 (14.86) err_ts: 205 (60.65) ml.loss ts: 480 (14.20) obj: 0
27-Oct-2012 00:37:40: td: 1 err_tr: 239 (36.10) ml.loss tr: 370 (5.59) err_ts: 121 (35.80) ml.loss ts: 171 (5.06) obj: 2.184613e+02
27-Oct-2012 00:37:40: td: 1 err_tr: 228 (34.44) ml.loss tr: 350 (5.29) err_ts: 109 (32.25) ml.loss ts: 151 (4.47) obj: 4.198484e+02
27-Oct-2012 00:37:41: td: 2 err_tr: 201 (30.36) ml.loss tr: 316 (4.77) err_ts: 92 (27.22) ml.loss ts: 130 (3.85) obj: 5.799249e+02
27-Oct-2012 00:37:41: td: 3 err_tr: 207 (31.27) ml.loss tr: 333 (5.03) err_ts: 99 (29.29) ml.loss ts: 147 (4.35) obj: 7.355599e+02
27-Oct-2012 00:37:41: td: 0 err_tr: 403 (60.24) ml.loss tr: 960 (14.35) err_ts: 194 (58.61) ml.loss ts: 504 (15.23) obj: 0
27-Oct-2012 00:37:42: td: 1 err_tr: 234 (34.98) ml.loss tr: 327 (4.89) err_ts: 127 (38.37) ml.loss ts: 185 (5.59) obj: 2.055499e+02
27-Oct-2012 00:37:42: td: 1 err_tr: 240 (35.87) ml.loss tr: 316 (4.72) err_ts: 123 (37.16) ml.loss ts: 175 (5.29) obj: 3.841608e+02
27-Oct-2012 00:37:43: td: 2 err_tr: 226 (33.78) ml.loss tr: 291 (4.35) err_ts: 119 (35.95) ml.loss ts: 161 (4.86) obj: 5.251958e+02
27-Oct-2012 00:37:44: td: 3 err_tr: 241 (36.02) ml.loss tr: 318 (4.75) err_ts: 125 (37.76) ml.loss ts: 170 (5.14) obj: 6.513673e+02
27-Oct-2012 00:37:44: td: 0 err_tr: 399 (59.64) ml.loss tr: 984 (14.71) err_ts: 198 (59.82) ml.loss ts: 480 (14.50) obj: 0
27-Oct-2012 00:37:44: td: 1 err_tr: 249 (37.22) ml.loss tr: 369 (5.52) err_ts: 122 (36.86) ml.loss ts: 172 (5.20) obj: 2.275949e+02
27-Oct-2012 00:37:45: td: 1 err_tr: 225 (33.63) ml.loss tr: 351 (5.25) err_ts: 104 (31.42) ml.loss ts: 151 (4.56) obj: 4.314154e+02
27-Oct-2012 00:37:45: td: 2 err_tr: 220 (32.88) ml.loss tr: 317 (4.74) err_ts: 108 (32.63) ml.loss ts: 148 (4.47) obj: 5.956494e+02
27-Oct-2012 00:37:46: td: 3 err_tr: 216 (32.29) ml.loss tr: 299 (4.47) err_ts: 108 (32.63) ml.loss ts: 137 (4.14) obj: 7.491019e+02
27-Oct-2012 00:37:46: td: 3 err_tr: 202 (30.19) ml.loss tr: 284 (4.25) err_ts: 99 (29.91) ml.loss ts: 131 (3.96) obj: 8.904336e+02
27-Oct-2012 00:37:47: td: 4 err_tr: 202 (30.19) ml.loss tr: 284 (4.25) err_ts: 99 (29.91) ml.loss ts: 131 (3.96) obj: 8.904336e+02
27-Oct-2012 00:37:51: td: 0 err_tr: 392 (59.21) ml.loss tr: 984 (14.86) err_ts: 205 (60.65) ml.loss ts: 480 (14.20) obj: 0
27-Oct-2012 00:37:52: td: 1 err_tr: 241 (36.40) ml.loss tr: 375 (5.66) err_ts: 122 (36.09) ml.loss ts: 173 (5.12) obj: 2.166321e+02
27-Oct-2012 00:37:52: td: 1 err_tr: 237 (35.80) ml.loss tr: 372 (5.62) err_ts: 106 (31.36) ml.loss ts: 149 (4.41) obj: 4.247754e+02
27-Oct-2012 00:37:53: td: 2 err_tr: 250 (37.76) ml.loss tr: 393 (5.94) err_ts: 118 (34.91) ml.loss ts: 164 (4.85) obj: 5.878547e+02
27-Oct-2012 00:37:53: td: 0 err_tr: 403 (60.24) ml.loss tr: 960 (14.35) err_ts: 194 (58.61) ml.loss ts: 504 (15.23) obj: 0
27-Oct-2012 00:37:53: td: 1 err_tr: 220 (32.88) ml.loss tr: 277 (4.14) err_ts: 116 (35.05) ml.loss ts: 165 (4.98) obj: 2.009659e+02
27-Oct-2012 00:37:54: td: 1 err_tr: 228 (34.08) ml.loss tr: 289 (4.32) err_ts: 120 (36.25) ml.loss ts: 170 (5.14) obj: 3.738048e+02
27-Oct-2012 00:37:54: td: 0 err_tr: 399 (59.64) ml.loss tr: 984 (14.71) err_ts: 198 (59.82) ml.loss ts: 480 (14.50) obj: 0
27-Oct-2012 00:37:55: td: 1 err_tr: 228 (34.08) ml.loss tr: 380 (5.68) err_ts: 112 (33.84) ml.loss ts: 176 (5.32) obj: 2.280368e+02
27-Oct-2012 00:37:55: td: 1 err_tr: 214 (31.99) ml.loss tr: 356 (5.32) err_ts: 107 (32.33) ml.loss ts: 160 (4.83) obj: 4.341804e+02
27-Oct-2012 00:37:56: td: 2 err_tr: 208 (31.09) ml.loss tr: 335 (5.01) err_ts: 99 (29.91) ml.loss ts: 146 (4.41) obj: 5.934978e+02
27-Oct-2012 00:37:56: td: 3 err_tr: 203 (30.34) ml.loss tr: 307 (4.59) err_ts: 99 (29.91) ml.loss ts: 139 (4.20) obj: 7.397438e+02
27-Oct-2012 00:37:57: td: 3 err_tr: 203 (30.34) ml.loss tr: 323 (4.83) err_ts: 101 (30.51) ml.loss ts: 145 (4.38) obj: 8.794479e+02
27-Oct-2012 00:37:57: td: 4 err_tr: 203 (30.34) ml.loss tr: 323 (4.83) err_ts: 101 (30.51) ml.loss ts: 145 (4.38) obj: 8.794479e+02
27-Oct-2012 00:38:04: td: 0 err_tr: 207 (31.27) ml.loss tr: 333 (5.03) err_ts: 99 (29.29) ml.loss ts: 147 (4.35) obj: 0
27-Oct-2012 00:38:04: td: 0 err_tr: 241 (36.02) ml.loss tr: 318 (4.75) err_ts: 125 (37.76) ml.loss ts: 170 (5.14) obj: 0
27-Oct-2012 00:38:04: td: 0 err_tr: 202 (30.19) ml.loss tr: 284 (4.25) err_ts: 99 (29.91) ml.loss ts: 131 (3.96) obj: 0
27-Oct-2012 00:38:04: td: 0 err_tr: 203 (30.66) ml.loss tr: 333 (5.03) err_ts: 95 (28.11) ml.loss ts: 142 (4.20) obj: 0
27-Oct-2012 00:38:04: td: 0 err_tr: 234 (34.98) ml.loss tr: 297 (4.44) err_ts: 123 (37.16) ml.loss ts: 173 (5.23) obj: 0
27-Oct-2012 00:38:04: td: 0 err_tr: 201 (30.04) ml.loss tr: 296 (4.42) err_ts: 103 (31.12) ml.loss ts: 137 (4.14) obj: 0
